<?xml version="1.0" encoding="UTF-8"?>
<!-- Generated by org.testng.reporters.JUnitXMLReporter -->
<testsuite hostname="DESKTOP-79UKLV8" ignored="0" name="Default test" tests="1" failures="1" timestamp="07 dic 2016 16:47:04 GMT" time="48.975" errors="0">
  <testcase name="testHola" time="48.9" classname="cl.learnautomation.selenium.DemoMaven">
    <failure type="org.openqa.selenium.WebDriverException" message="Failed to connect to binary FirefoxBinary(C:\Program Files (x86)\Mozilla Firefox\firefox.exe) on port 7055; process output follows: 
ll,&amp;quot;contributors&amp;quot;:[&amp;quot;Mozilla Contributors&amp;quot;]},&amp;quot;visible&amp;quot;:true,&amp;quot;active&amp;quot;:true,&amp;quot;userDisabled&amp;quot;:false,&amp;quot;appDisabled&amp;quot;:false,&amp;quot;descriptor&amp;quot;:&amp;quot;C:\\Program Files (x86)\\Mozilla Firefox\\browser\\extensions\\{972ce4c6-7e08-4474-a285-3208198ce6fd}.xpi&amp;quot;,&amp;quot;installDate&amp;quot;:1481129141517,&amp;quot;updateDate&amp;quot;:1481129141517,&amp;quot;applyBackgroundUpdates&amp;quot;:1,&amp;quot;skinnable&amp;quot;:true,&amp;quot;size&amp;quot;:21152,&amp;quot;sourceURI&amp;quot;:null,&amp;quot;releaseNotesURI&amp;quot;:null,&amp;quot;softDisabled&amp;quot;:false,&amp;quot;foreignInstall&amp;quot;:false,&amp;quot;hasBinaryComponents&amp;quot;:false,&amp;quot;strictCompatibility&amp;quot;:true,&amp;quot;locales&amp;quot;:[],&amp;quot;targetApplications&amp;quot;:[{&amp;quot;id&amp;quot;:&amp;quot;{ec8030f7-c20a-464f-9b0e-13a3a9e97384}&amp;quot;,&amp;quot;minVersion&amp;quot;:&amp;quot;50.0.2&amp;quot;,&amp;quot;maxVersion&amp;quot;:&amp;quot;50.0.2&amp;quot;}],&amp;quot;targetPlatforms&amp;quot;:[],&amp;quot;seen&amp;quot;:true}
1481129179427	addons.xpi	DEBUG	getModTime: Recursive scan of {972ce4c6-7e08-4474-a285-3208198ce6fd}
1481129179428	DeferredSave.extensions.json	DEBUG	Save changes
1481129179429	addons.xpi	DEBUG	Updating database with changes to installed add-ons
1481129179429	addons.xpi-utils	DEBUG	Updating add-on states
1481129179430	addons.xpi-utils	DEBUG	Writing add-ons list
1481129179439	addons.xpi	DEBUG	Registering manifest for C:\Program Files (x86)\Mozilla Firefox\browser\features\aushelper@mozilla.org.xpi
1481129179440	addons.xpi	DEBUG	Calling bootstrap method startup on aushelper@mozilla.org version 1.0
1481129179442	addons.xpi	DEBUG	Registering manifest for C:\Program Files (x86)\Mozilla Firefox\browser\features\e10srollout@mozilla.org.xpi
1481129179442	addons.xpi	DEBUG	Calling bootstrap method startup on e10srollout@mozilla.org version 1.5
1481129179443	addons.xpi	DEBUG	Registering manifest for C:\Program Files (x86)\Mozilla Firefox\browser\features\firefox@getpocket.com.xpi
1481129179444	addons.xpi	DEBUG	Calling bootstrap method startup on firefox@getpocket.com version 1.0.5
1481129179445	addons.xpi	DEBUG	Registering manifest for C:\Program Files (x86)\Mozilla Firefox\browser\features\webcompat@mozilla.org.xpi
1481129179446	addons.xpi	DEBUG	Calling bootstrap method startup on webcompat@mozilla.org version 1.0
1481129179448	addons.manager	DEBUG	Registering shutdown blocker for XPIProvider
1481129179449	addons.manager	DEBUG	Provider finished startup: XPIProvider
1481129179450	addons.manager	DEBUG	Starting provider: LightweightThemeManager
1481129179450	addons.manager	DEBUG	Registering shutdown blocker for LightweightThemeManager
1481129179450	addons.manager	DEBUG	Provider finished startup: LightweightThemeManager
1481129179451	addons.manager	DEBUG	Starting provider: GMPProvider
1481129179461	addons.manager	DEBUG	Registering shutdown blocker for GMPProvider
1481129179461	addons.manager	DEBUG	Provider finished startup: GMPProvider
1481129179461	addons.manager	DEBUG	Starting provider: PluginProvider
1481129179462	addons.manager	DEBUG	Registering shutdown blocker for PluginProvider
1481129179463	addons.manager	DEBUG	Provider finished startup: PluginProvider
1481129179463	addons.manager	DEBUG	Completed startup sequence
1481129179978	addons.manager	DEBUG	Starting provider: &amp;lt;unnamed-provider&amp;gt;
1481129179978	addons.manager	DEBUG	Registering shutdown blocker for &amp;lt;unnamed-provider&amp;gt;
1481129179979	addons.manager	DEBUG	Provider finished startup: &amp;lt;unnamed-provider&amp;gt;
1481129180198	DeferredSave.extensions.json	DEBUG	Write succeeded
1481129180198	addons.xpi-utils	DEBUG	XPI Database saved, setting schema version preference to 17
1481129180199	DeferredSave.extensions.json	DEBUG	Starting timer
1481129180222	DeferredSave.extensions.json	DEBUG	Starting write
1481129180225	addons.repository	DEBUG	No addons.json found.
1481129180225	DeferredSave.addons.json	DEBUG	Save changes
1481129180228	DeferredSave.addons.json	DEBUG	Starting timer
1481129180277	addons.manager	DEBUG	Starting provider: PreviousExperimentProvider
1481129180277	addons.manager	DEBUG	Registering shutdown blocker for PreviousExperimentProvider
1481129180278	addons.manager	DEBUG	Provider finished startup: PreviousExperimentProvider
1481129180283	DeferredSave.addons.json	DEBUG	Starting write
1481129180306	DeferredSave.extensions.json	DEBUG	Write succeeded
1481129180328	DeferredSave.addons.json	DEBUG	Write succeeded

Build info: version: &amp;apos;2.47.1&amp;apos;, revision: &amp;apos;unknown&amp;apos;, time: &amp;apos;2015-07-30 11:02:44&amp;apos;
System info: host: &amp;apos;DESKTOP-79UKLV8&amp;apos;, ip: &amp;apos;192.168.10.33&amp;apos;, os.name: &amp;apos;Windows 10&amp;apos;, os.arch: &amp;apos;amd64&amp;apos;, os.version: &amp;apos;10.0&amp;apos;, java.version: &amp;apos;1.8.0_111&amp;apos;
Driver info: driver.version: FirefoxDriver">
      <![CDATA[org.openqa.selenium.WebDriverException: Failed to connect to binary FirefoxBinary(C:\Program Files (x86)\Mozilla Firefox\firefox.exe) on port 7055; process output follows: 
ll,"contributors":["Mozilla Contributors"]},"visible":true,"active":true,"userDisabled":false,"appDisabled":false,"descriptor":"C:\\Program Files (x86)\\Mozilla Firefox\\browser\\extensions\\{972ce4c6-7e08-4474-a285-3208198ce6fd}.xpi","installDate":1481129141517,"updateDate":1481129141517,"applyBackgroundUpdates":1,"skinnable":true,"size":21152,"sourceURI":null,"releaseNotesURI":null,"softDisabled":false,"foreignInstall":false,"hasBinaryComponents":false,"strictCompatibility":true,"locales":[],"targetApplications":[{"id":"{ec8030f7-c20a-464f-9b0e-13a3a9e97384}","minVersion":"50.0.2","maxVersion":"50.0.2"}],"targetPlatforms":[],"seen":true}
1481129179427	addons.xpi	DEBUG	getModTime: Recursive scan of {972ce4c6-7e08-4474-a285-3208198ce6fd}
1481129179428	DeferredSave.extensions.json	DEBUG	Save changes
1481129179429	addons.xpi	DEBUG	Updating database with changes to installed add-ons
1481129179429	addons.xpi-utils	DEBUG	Updating add-on states
1481129179430	addons.xpi-utils	DEBUG	Writing add-ons list
1481129179439	addons.xpi	DEBUG	Registering manifest for C:\Program Files (x86)\Mozilla Firefox\browser\features\aushelper@mozilla.org.xpi
1481129179440	addons.xpi	DEBUG	Calling bootstrap method startup on aushelper@mozilla.org version 1.0
1481129179442	addons.xpi	DEBUG	Registering manifest for C:\Program Files (x86)\Mozilla Firefox\browser\features\e10srollout@mozilla.org.xpi
1481129179442	addons.xpi	DEBUG	Calling bootstrap method startup on e10srollout@mozilla.org version 1.5
1481129179443	addons.xpi	DEBUG	Registering manifest for C:\Program Files (x86)\Mozilla Firefox\browser\features\firefox@getpocket.com.xpi
1481129179444	addons.xpi	DEBUG	Calling bootstrap method startup on firefox@getpocket.com version 1.0.5
1481129179445	addons.xpi	DEBUG	Registering manifest for C:\Program Files (x86)\Mozilla Firefox\browser\features\webcompat@mozilla.org.xpi
1481129179446	addons.xpi	DEBUG	Calling bootstrap method startup on webcompat@mozilla.org version 1.0
1481129179448	addons.manager	DEBUG	Registering shutdown blocker for XPIProvider
1481129179449	addons.manager	DEBUG	Provider finished startup: XPIProvider
1481129179450	addons.manager	DEBUG	Starting provider: LightweightThemeManager
1481129179450	addons.manager	DEBUG	Registering shutdown blocker for LightweightThemeManager
1481129179450	addons.manager	DEBUG	Provider finished startup: LightweightThemeManager
1481129179451	addons.manager	DEBUG	Starting provider: GMPProvider
1481129179461	addons.manager	DEBUG	Registering shutdown blocker for GMPProvider
1481129179461	addons.manager	DEBUG	Provider finished startup: GMPProvider
1481129179461	addons.manager	DEBUG	Starting provider: PluginProvider
1481129179462	addons.manager	DEBUG	Registering shutdown blocker for PluginProvider
1481129179463	addons.manager	DEBUG	Provider finished startup: PluginProvider
1481129179463	addons.manager	DEBUG	Completed startup sequence
1481129179978	addons.manager	DEBUG	Starting provider: <unnamed-provider>
1481129179978	addons.manager	DEBUG	Registering shutdown blocker for <unnamed-provider>
1481129179979	addons.manager	DEBUG	Provider finished startup: <unnamed-provider>
1481129180198	DeferredSave.extensions.json	DEBUG	Write succeeded
1481129180198	addons.xpi-utils	DEBUG	XPI Database saved, setting schema version preference to 17
1481129180199	DeferredSave.extensions.json	DEBUG	Starting timer
1481129180222	DeferredSave.extensions.json	DEBUG	Starting write
1481129180225	addons.repository	DEBUG	No addons.json found.
1481129180225	DeferredSave.addons.json	DEBUG	Save changes
1481129180228	DeferredSave.addons.json	DEBUG	Starting timer
1481129180277	addons.manager	DEBUG	Starting provider: PreviousExperimentProvider
1481129180277	addons.manager	DEBUG	Registering shutdown blocker for PreviousExperimentProvider
1481129180278	addons.manager	DEBUG	Provider finished startup: PreviousExperimentProvider
1481129180283	DeferredSave.addons.json	DEBUG	Starting write
1481129180306	DeferredSave.extensions.json	DEBUG	Write succeeded
1481129180328	DeferredSave.addons.json	DEBUG	Write succeeded

Build info: version: '2.47.1', revision: 'unknown', time: '2015-07-30 11:02:44'
System info: host: 'DESKTOP-79UKLV8', ip: '192.168.10.33', os.name: 'Windows 10', os.arch: 'amd64', os.version: '10.0', java.version: '1.8.0_111'
Driver info: driver.version: FirefoxDriver
	at org.openqa.selenium.firefox.internal.NewProfileExtensionConnection.start(NewProfileExtensionConnection.java:134)
	at org.openqa.selenium.firefox.FirefoxDriver.startClient(FirefoxDriver.java:276)
	at org.openqa.selenium.remote.RemoteWebDriver.<init>(RemoteWebDriver.java:116)
	at org.openqa.selenium.firefox.FirefoxDriver.<init>(FirefoxDriver.java:221)
	at org.openqa.selenium.firefox.FirefoxDriver.<init>(FirefoxDriver.java:216)
	at org.openqa.selenium.firefox.FirefoxDriver.<init>(FirefoxDriver.java:212)
	at org.openqa.selenium.firefox.FirefoxDriver.<init>(FirefoxDriver.java:125)
	at cl.learnautomation.selenium.DemoMaven.testHola(DemoMaven.java:13)
	at sun.reflect.NativeMethodAccessorImpl.invoke0(Native Method)
	at sun.reflect.NativeMethodAccessorImpl.invoke(Unknown Source)
	at sun.reflect.DelegatingMethodAccessorImpl.invoke(Unknown Source)
	at java.lang.reflect.Method.invoke(Unknown Source)
	at org.testng.internal.MethodInvocationHelper.invokeMethod(MethodInvocationHelper.java:104)
	at org.testng.internal.Invoker.invokeMethod(Invoker.java:645)
	at org.testng.internal.Invoker.invokeTestMethod(Invoker.java:851)
	at org.testng.internal.Invoker.invokeTestMethods(Invoker.java:1177)
	at org.testng.internal.TestMethodWorker.invokeTestMethods(TestMethodWorker.java:129)
	at org.testng.internal.TestMethodWorker.run(TestMethodWorker.java:112)
	at org.testng.TestRunner.privateRun(TestRunner.java:756)
	at org.testng.TestRunner.run(TestRunner.java:610)
	at org.testng.SuiteRunner.runTest(SuiteRunner.java:387)
	at org.testng.SuiteRunner.runSequentially(SuiteRunner.java:382)
	at org.testng.SuiteRunner.privateRun(SuiteRunner.java:340)
	at org.testng.SuiteRunner.run(SuiteRunner.java:289)
	at org.testng.SuiteRunnerWorker.runSuite(SuiteRunnerWorker.java:52)
	at org.testng.SuiteRunnerWorker.run(SuiteRunnerWorker.java:86)
	at org.testng.TestNG.runSuitesSequentially(TestNG.java:1293)
	at org.testng.TestNG.runSuitesLocally(TestNG.java:1218)
	at org.testng.TestNG.runSuites(TestNG.java:1133)
	at org.testng.TestNG.run(TestNG.java:1104)
	at org.testng.remote.AbstractRemoteTestNG.run(AbstractRemoteTestNG.java:132)
	at org.testng.remote.RemoteTestNG.initAndRun(RemoteTestNG.java:236)
	at org.testng.remote.RemoteTestNG.main(RemoteTestNG.java:81)
Caused by: org.openqa.selenium.firefox.NotConnectedException: Unable to connect to host 127.0.0.1 on port 7055 after 45000 ms. Firefox console output:
ll,"contributors":["Mozilla Contributors"]},"visible":true,"active":true,"userDisabled":false,"appDisabled":false,"descriptor":"C:\\Program Files (x86)\\Mozilla Firefox\\browser\\extensions\\{972ce4c6-7e08-4474-a285-3208198ce6fd}.xpi","installDate":1481129141517,"updateDate":1481129141517,"applyBackgroundUpdates":1,"skinnable":true,"size":21152,"sourceURI":null,"releaseNotesURI":null,"softDisabled":false,"foreignInstall":false,"hasBinaryComponents":false,"strictCompatibility":true,"locales":[],"targetApplications":[{"id":"{ec8030f7-c20a-464f-9b0e-13a3a9e97384}","minVersion":"50.0.2","maxVersion":"50.0.2"}],"targetPlatforms":[],"seen":true}
1481129179427	addons.xpi	DEBUG	getModTime: Recursive scan of {972ce4c6-7e08-4474-a285-3208198ce6fd}
1481129179428	DeferredSave.extensions.json	DEBUG	Save changes
1481129179429	addons.xpi	DEBUG	Updating database with changes to installed add-ons
1481129179429	addons.xpi-utils	DEBUG	Updating add-on states
1481129179430	addons.xpi-utils	DEBUG	Writing add-ons list
1481129179439	addons.xpi	DEBUG	Registering manifest for C:\Program Files (x86)\Mozilla Firefox\browser\features\aushelper@mozilla.org.xpi
1481129179440	addons.xpi	DEBUG	Calling bootstrap method startup on aushelper@mozilla.org version 1.0
1481129179442	addons.xpi	DEBUG	Registering manifest for C:\Program Files (x86)\Mozilla Firefox\browser\features\e10srollout@mozilla.org.xpi
1481129179442	addons.xpi	DEBUG	Calling bootstrap method startup on e10srollout@mozilla.org version 1.5
1481129179443	addons.xpi	DEBUG	Registering manifest for C:\Program Files (x86)\Mozilla Firefox\browser\features\firefox@getpocket.com.xpi
1481129179444	addons.xpi	DEBUG	Calling bootstrap method startup on firefox@getpocket.com version 1.0.5
1481129179445	addons.xpi	DEBUG	Registering manifest for C:\Program Files (x86)\Mozilla Firefox\browser\features\webcompat@mozilla.org.xpi
1481129179446	addons.xpi	DEBUG	Calling bootstrap method startup on webcompat@mozilla.org version 1.0
1481129179448	addons.manager	DEBUG	Registering shutdown blocker for XPIProvider
1481129179449	addons.manager	DEBUG	Provider finished startup: XPIProvider
1481129179450	addons.manager	DEBUG	Starting provider: LightweightThemeManager
1481129179450	addons.manager	DEBUG	Registering shutdown blocker for LightweightThemeManager
1481129179450	addons.manager	DEBUG	Provider finished startup: LightweightThemeManager
1481129179451	addons.manager	DEBUG	Starting provider: GMPProvider
1481129179461	addons.manager	DEBUG	Registering shutdown blocker for GMPProvider
1481129179461	addons.manager	DEBUG	Provider finished startup: GMPProvider
1481129179461	addons.manager	DEBUG	Starting provider: PluginProvider
1481129179462	addons.manager	DEBUG	Registering shutdown blocker for PluginProvider
1481129179463	addons.manager	DEBUG	Provider finished startup: PluginProvider
1481129179463	addons.manager	DEBUG	Completed startup sequence
1481129179978	addons.manager	DEBUG	Starting provider: <unnamed-provider>
1481129179978	addons.manager	DEBUG	Registering shutdown blocker for <unnamed-provider>
1481129179979	addons.manager	DEBUG	Provider finished startup: <unnamed-provider>
1481129180198	DeferredSave.extensions.json	DEBUG	Write succeeded
1481129180198	addons.xpi-utils	DEBUG	XPI Database saved, setting schema version preference to 17
1481129180199	DeferredSave.extensions.json	DEBUG	Starting timer
1481129180222	DeferredSave.extensions.json	DEBUG	Starting write
1481129180225	addons.repository	DEBUG	No addons.json found.
1481129180225	DeferredSave.addons.json	DEBUG	Save changes
1481129180228	DeferredSave.addons.json	DEBUG	Starting timer
1481129180277	addons.manager	DEBUG	Starting provider: PreviousExperimentProvider
1481129180277	addons.manager	DEBUG	Registering shutdown blocker for PreviousExperimentProvider
1481129180278	addons.manager	DEBUG	Provider finished startup: PreviousExperimentProvider
1481129180283	DeferredSave.addons.json	DEBUG	Starting write
1481129180306	DeferredSave.extensions.json	DEBUG	Write succeeded
1481129180328	DeferredSave.addons.json	DEBUG	Write succeeded

	at org.openqa.selenium.firefox.internal.NewProfileExtensionConnection.start(NewProfileExtensionConnection.java:122)
	... 32 more
]]>
    </failure>
  </testcase> <!-- testHola -->
</testsuite> <!-- Default test -->
